error: expected one of: `crate`, `dict`, `eq`, `eq_int`, `extends`, `freelist`, `frozen`, `get_all`, `hash`, `mapping`, `module`, `name`, `rename_all`, `sequence`, `set_all`, `str`, `subclass`, `unsendable`, `weakref`
 --> tests/ui/invalid_pyclass_args.rs:4:11
  |
4 | #[pyclass(extend=pyo3::types::PyDict)]
  |           ^^^^^^

error: expected identifier
 --> tests/ui/invalid_pyclass_args.rs:7:21
  |
7 | #[pyclass(extends = "PyDict")]
  |                     ^^^^^^^^

error: expected string literal
  --> tests/ui/invalid_pyclass_args.rs:10:18
   |
10 | #[pyclass(name = m::MyClass)]
   |                  ^

error: expected a single identifier in double quotes
  --> tests/ui/invalid_pyclass_args.rs:13:18
   |
13 | #[pyclass(name = "Custom Name")]
   |                  ^^^^^^^^^^^^^

error: expected string literal
  --> tests/ui/invalid_pyclass_args.rs:16:18
   |
16 | #[pyclass(name = CustomName)]
   |                  ^^^^^^^^^^

error: expected string literal
  --> tests/ui/invalid_pyclass_args.rs:19:24
   |
19 | #[pyclass(rename_all = camelCase)]
   |                        ^^^^^^^^^

error: expected a valid renaming rule, possible values are: "camelCase", "kebab-case", "lowercase", "PascalCase", "SCREAMING-KEBAB-CASE", "SCREAMING_SNAKE_CASE", "snake_case", "UPPERCASE"
  --> tests/ui/invalid_pyclass_args.rs:22:24
   |
22 | #[pyclass(rename_all = "Camel-Case")]
   |                        ^^^^^^^^^^^^

error: expected string literal
  --> tests/ui/invalid_pyclass_args.rs:25:20
   |
25 | #[pyclass(module = my_module)]
   |                    ^^^^^^^^^

error: expected one of: `crate`, `dict`, `eq`, `eq_int`, `extends`, `freelist`, `frozen`, `get_all`, `hash`, `mapping`, `module`, `name`, `rename_all`, `sequence`, `set_all`, `str`, `subclass`, `unsendable`, `weakref`
  --> tests/ui/invalid_pyclass_args.rs:28:11
   |
28 | #[pyclass(weakrev)]
   |           ^^^^^^^

error: a `#[pyclass]` cannot be both a `mapping` and a `sequence`
  --> tests/ui/invalid_pyclass_args.rs:32:8
   |
32 | struct CannotBeMappingAndSequence {}
   |        ^^^^^^^^^^^^^^^^^^^^^^^^^^

error: `eq_int` can only be used on simple enums.
  --> tests/ui/invalid_pyclass_args.rs:53:11
   |
53 | #[pyclass(eq_int)]
   |           ^^^^^^

error: The `hash` option requires the `frozen` option.
  --> tests/ui/invalid_pyclass_args.rs:60:11
   |
60 | #[pyclass(hash)]
   |           ^^^^

error: The `hash` option requires the `eq` option.
  --> tests/ui/invalid_pyclass_args.rs:60:11
   |
60 | #[pyclass(hash)]
   |           ^^^^

error: invalid format string: expected `'}'` but string was terminated
  --> tests/ui/invalid_pyclass_args.rs:93:19
   |
93 | #[pyclass(str = "{")]
   |                  -^ expected `'}'` in format string
   |                  |
   |                  because of this opening brace
   |
   = note: if you intended to print `{`, you can escape it using `{{`

error: invalid format string: expected `'}'`, found `'$'`
  --> tests/ui/invalid_pyclass_args.rs:97:19
   |
97 | #[pyclass(str = "{$}")]
   |                  -^ expected `'}'` in format string
   |                  |
   |                  because of this opening brace
   |
   = note: if you intended to print `{`, you can escape it using `{{`

error[E0428]: the name `Coord` is defined multiple times
   --> tests/ui/invalid_pyclass_args.rs:119:1
    |
95  | struct Coord(u32, u32, u32);
    | ---------------------------- previous definition of the type `Coord` here
...
119 | struct Coord(u32, u32, u32);
    | ^^^^^^^^^^^^^^^^^^^^^^^^^^^^ `Coord` redefined here
    |
    = note: `Coord` must be defined only once in the type namespace of this module

error[E0119]: conflicting implementations of trait `DerefToPyAny` for type `Coord`
   --> tests/ui/invalid_pyclass_args.rs:117:1
    |
93  | #[pyclass(str = "{")]
    | --------------------- first implementation here
...
117 | #[pyclass(str = "{0}, {162543}, {2}")]
    | ^^^^^^^^^^^^^^^^^^^^^^^^^^^^^^^^^^^^^^ conflicting implementation for `Coord`
    |
    = note: this error originates in the attribute macro `pyclass` (in Nightly builds, run with -Z macro-backtrace for more info)

error[E0119]: conflicting implementations of trait `PyTypeInfo` for type `Coord`
   --> tests/ui/invalid_pyclass_args.rs:117:1
    |
93  | #[pyclass(str = "{")]
    | --------------------- first implementation here
...
117 | #[pyclass(str = "{0}, {162543}, {2}")]
    | ^^^^^^^^^^^^^^^^^^^^^^^^^^^^^^^^^^^^^^ conflicting implementation for `Coord`
    |
    = note: this error originates in the attribute macro `pyclass` (in Nightly builds, run with -Z macro-backtrace for more info)

error[E0119]: conflicting implementations of trait `PyClass` for type `Coord`
   --> tests/ui/invalid_pyclass_args.rs:117:1
    |
93  | #[pyclass(str = "{")]
    | --------------------- first implementation here
...
117 | #[pyclass(str = "{0}, {162543}, {2}")]
    | ^^^^^^^^^^^^^^^^^^^^^^^^^^^^^^^^^^^^^^ conflicting implementation for `Coord`
    |
    = note: this error originates in the attribute macro `pyclass` (in Nightly builds, run with -Z macro-backtrace for more info)

error[E0119]: conflicting implementations of trait `PyFunctionArgument<'_, '_>` for type `&Coord`
   --> tests/ui/invalid_pyclass_args.rs:117:1
    |
93  | #[pyclass(str = "{")]
    | --------------------- first implementation here
...
117 | #[pyclass(str = "{0}, {162543}, {2}")]
    | ^^^^^^^^^^^^^^^^^^^^^^^^^^^^^^^^^^^^^^ conflicting implementation for `&Coord`
    |
    = note: this error originates in the attribute macro `pyclass` (in Nightly builds, run with -Z macro-backtrace for more info)

error[E0119]: conflicting implementations of trait `PyFunctionArgument<'_, '_>` for type `&mut Coord`
   --> tests/ui/invalid_pyclass_args.rs:117:1
    |
93  | #[pyclass(str = "{")]
    | --------------------- first implementation here
...
117 | #[pyclass(str = "{0}, {162543}, {2}")]
    | ^^^^^^^^^^^^^^^^^^^^^^^^^^^^^^^^^^^^^^ conflicting implementation for `&mut Coord`
    |
    = note: this error originates in the attribute macro `pyclass` (in Nightly builds, run with -Z macro-backtrace for more info)

error[E0119]: conflicting implementations of trait `IntoPy<Py<pyo3::PyAny>>` for type `Coord`
   --> tests/ui/invalid_pyclass_args.rs:117:1
    |
93  | #[pyclass(str = "{")]
    | --------------------- first implementation here
...
117 | #[pyclass(str = "{0}, {162543}, {2}")]
    | ^^^^^^^^^^^^^^^^^^^^^^^^^^^^^^^^^^^^^^ conflicting implementation for `Coord`
    |
    = note: this error originates in the attribute macro `pyclass` (in Nightly builds, run with -Z macro-backtrace for more info)

error[E0119]: conflicting implementations of trait `PyClassImpl` for type `Coord`
   --> tests/ui/invalid_pyclass_args.rs:117:1
    |
93  | #[pyclass(str = "{")]
    | --------------------- first implementation here
...
117 | #[pyclass(str = "{0}, {162543}, {2}")]
    | ^^^^^^^^^^^^^^^^^^^^^^^^^^^^^^^^^^^^^^ conflicting implementation for `Coord`
    |
    = note: this error originates in the attribute macro `pyclass` (in Nightly builds, run with -Z macro-backtrace for more info)

error[E0119]: conflicting implementations of trait `StructuralPartialEq` for type `Coord`
   --> tests/ui/invalid_pyclass_args.rs:118:10
    |
94  | #[derive(PartialEq)]
    |          --------- first implementation here
...
118 | #[derive(PartialEq)]
    |          ^^^^^^^^^ conflicting implementation for `Coord`
    |
    = note: this error originates in the derive macro `PartialEq` (in Nightly builds, run with -Z macro-backtrace for more info)

error[E0119]: conflicting implementations of trait `PartialEq` for type `Coord`
   --> tests/ui/invalid_pyclass_args.rs:118:10
    |
94  | #[derive(PartialEq)]
    |          --------- first implementation here
...
118 | #[derive(PartialEq)]
    |          ^^^^^^^^^ conflicting implementation for `Coord`
    |
    = note: this error originates in the derive macro `PartialEq` (in Nightly builds, run with -Z macro-backtrace for more info)

error[E0592]: duplicate definitions with name `__pymethod___richcmp____`
  --> tests/ui/invalid_pyclass_args.rs:37:1
   |
37 | #[pyclass(eq)]
   | ^^^^^^^^^^^^^^ duplicate definitions for `__pymethod___richcmp____`
...
41 | #[pymethods]
   | ------------ other definition for `__pymethod___richcmp____`
   |
   = note: this error originates in the attribute macro `pyclass` (in Nightly builds, run with -Z macro-backtrace for more info)

error[E0592]: duplicate definitions with name `__pymethod___hash____`
  --> tests/ui/invalid_pyclass_args.rs:64:1
   |
64 | #[pyclass(frozen, eq, hash)]
   | ^^^^^^^^^^^^^^^^^^^^^^^^^^^^ duplicate definitions for `__pymethod___hash____`
...
68 | #[pymethods]
   | ------------ other definition for `__pymethod___hash____`
   |
   = note: this error originates in the attribute macro `pyclass` (in Nightly builds, run with -Z macro-backtrace for more info)

error[E0592]: duplicate definitions with name `__pymethod___str____`
  --> tests/ui/invalid_pyclass_args.rs:75:1
   |
75 | #[pyclass(str)]
   | ^^^^^^^^^^^^^^^ duplicate definitions for `__pymethod___str____`
...
84 | #[pymethods]
   | ------------ other definition for `__pymethod___str____`
   |
   = note: this error originates in the attribute macro `pyclass` (in Nightly builds, run with -Z macro-backtrace for more info)

error[E0592]: duplicate definitions with name `__pymethod___str____`
   --> tests/ui/invalid_pyclass_args.rs:93:1
    |
93  | #[pyclass(str = "{")]
    | ^^^^^^^^^^^^^^^^^^^^^ duplicate definitions for `__pymethod___str____`
...
117 | #[pyclass(str = "{0}, {162543}, {2}")]
    | -------------------------------------- other definition for `__pymethod___str____`
    |
    = note: this error originates in the attribute macro `pyclass` (in Nightly builds, run with -Z macro-backtrace for more info)

error[E0592]: duplicate definitions with name `_PYO3_DEF`
   --> tests/ui/invalid_pyclass_args.rs:93:1
    |
93  | #[pyclass(str = "{")]
    | ^^^^^^^^^^^^^^^^^^^^^ duplicate definitions for `_PYO3_DEF`
...
117 | #[pyclass(str = "{0}, {162543}, {2}")]
    | -------------------------------------- other definition for `_PYO3_DEF`
    |
    = note: this error originates in the attribute macro `pyclass` (in Nightly builds, run with -Z macro-backtrace for more info)

error[E0592]: duplicate definitions with name `__pyo3__generated____str__`
   --> tests/ui/invalid_pyclass_args.rs:93:1
    |
93  | #[pyclass(str = "{")]
    | ^^^^^^^^^^^^^^^^^^^^^ duplicate definitions for `__pyo3__generated____str__`
...
117 | #[pyclass(str = "{0}, {162543}, {2}")]
    | -------------------------------------- other definition for `__pyo3__generated____str__`
    |
    = note: this error originates in the attribute macro `pyclass` (in Nightly builds, run with -Z macro-backtrace for more info)

error[E0369]: binary operation `==` cannot be applied to type `&EqOptRequiresEq`
  --> tests/ui/invalid_pyclass_args.rs:34:11
   |
34 | #[pyclass(eq)]
   |           ^^
   |
note: an implementation of `PartialEq` might be missing for `EqOptRequiresEq`
  --> tests/ui/invalid_pyclass_args.rs:35:1
   |
35 | struct EqOptRequiresEq {}
   | ^^^^^^^^^^^^^^^^^^^^^^ must implement `PartialEq`
help: consider annotating `EqOptRequiresEq` with `#[derive(PartialEq)]`
   |
35 + #[derive(PartialEq)]
36 | struct EqOptRequiresEq {}
   |

error[E0369]: binary operation `!=` cannot be applied to type `&EqOptRequiresEq`
  --> tests/ui/invalid_pyclass_args.rs:34:11
   |
34 | #[pyclass(eq)]
   |           ^^
   |
note: an implementation of `PartialEq` might be missing for `EqOptRequiresEq`
  --> tests/ui/invalid_pyclass_args.rs:35:1
   |
35 | struct EqOptRequiresEq {}
   | ^^^^^^^^^^^^^^^^^^^^^^ must implement `PartialEq`
help: consider annotating `EqOptRequiresEq` with `#[derive(PartialEq)]`
   |
35 + #[derive(PartialEq)]
36 | struct EqOptRequiresEq {}
   |

error[E0034]: multiple applicable items in scope
  --> tests/ui/invalid_pyclass_args.rs:37:1
   |
37 | #[pyclass(eq)]
   | ^^^^^^^^^^^^^^ multiple `__pymethod___richcmp____` found
   |
note: candidate #1 is defined in an impl for the type `EqOptAndManualRichCmp`
  --> tests/ui/invalid_pyclass_args.rs:37:1
   |
37 | #[pyclass(eq)]
   | ^^^^^^^^^^^^^^
note: candidate #2 is defined in an impl for the type `EqOptAndManualRichCmp`
  --> tests/ui/invalid_pyclass_args.rs:41:1
   |
41 | #[pymethods]
   | ^^^^^^^^^^^^
   = note: this error originates in the attribute macro `pyclass` which comes from the expansion of the attribute macro `pymethods` (in Nightly builds, run with -Z macro-backtrace for more info)

error[E0034]: multiple applicable items in scope
  --> tests/ui/invalid_pyclass_args.rs:41:1
   |
41 | #[pymethods]
   | ^^^^^^^^^^^^ multiple `__pymethod___richcmp____` found
   |
note: candidate #1 is defined in an impl for the type `EqOptAndManualRichCmp`
  --> tests/ui/invalid_pyclass_args.rs:37:1
   |
37 | #[pyclass(eq)]
   | ^^^^^^^^^^^^^^
note: candidate #2 is defined in an impl for the type `EqOptAndManualRichCmp`
  --> tests/ui/invalid_pyclass_args.rs:41:1
   |
41 | #[pymethods]
   | ^^^^^^^^^^^^
   = note: this error originates in the attribute macro `pymethods` (in Nightly builds, run with -Z macro-backtrace for more info)

error[E0277]: the trait bound `HashOptRequiresHash: Hash` is not satisfied
  --> tests/ui/invalid_pyclass_args.rs:56:23
   |
56 | #[pyclass(frozen, eq, hash)]
   |                       ^^^^ the trait `Hash` is not implemented for `HashOptRequiresHash`
   |
help: consider annotating `HashOptRequiresHash` with `#[derive(Hash)]`
   |
58 + #[derive(Hash)]
59 | struct HashOptRequiresHash;
   |

error[E0034]: multiple applicable items in scope
  --> tests/ui/invalid_pyclass_args.rs:64:1
   |
64 | #[pyclass(frozen, eq, hash)]
   | ^^^^^^^^^^^^^^^^^^^^^^^^^^^^ multiple `__pymethod___hash____` found
   |
note: candidate #1 is defined in an impl for the type `HashOptAndManualHash`
  --> tests/ui/invalid_pyclass_args.rs:64:1
   |
64 | #[pyclass(frozen, eq, hash)]
   | ^^^^^^^^^^^^^^^^^^^^^^^^^^^^
note: candidate #2 is defined in an impl for the type `HashOptAndManualHash`
  --> tests/ui/invalid_pyclass_args.rs:68:1
   |
68 | #[pymethods]
   | ^^^^^^^^^^^^
   = note: this error originates in the attribute macro `pyclass` which comes from the expansion of the attribute macro `pymethods` (in Nightly builds, run with -Z macro-backtrace for more info)

error[E0034]: multiple applicable items in scope
  --> tests/ui/invalid_pyclass_args.rs:68:1
   |
68 | #[pymethods]
   | ^^^^^^^^^^^^ multiple `__pymethod___hash____` found
   |
note: candidate #1 is defined in an impl for the type `HashOptAndManualHash`
  --> tests/ui/invalid_pyclass_args.rs:64:1
   |
64 | #[pyclass(frozen, eq, hash)]
   | ^^^^^^^^^^^^^^^^^^^^^^^^^^^^
note: candidate #2 is defined in an impl for the type `HashOptAndManualHash`
  --> tests/ui/invalid_pyclass_args.rs:68:1
   |
68 | #[pymethods]
   | ^^^^^^^^^^^^
   = note: this error originates in the attribute macro `pymethods` (in Nightly builds, run with -Z macro-backtrace for more info)

error[E0034]: multiple applicable items in scope
  --> tests/ui/invalid_pyclass_args.rs:75:1
   |
75 | #[pyclass(str)]
   | ^^^^^^^^^^^^^^^ multiple `__pymethod___str____` found
   |
note: candidate #1 is defined in an impl for the type `StrOptAndManualStr`
  --> tests/ui/invalid_pyclass_args.rs:75:1
   |
75 | #[pyclass(str)]
   | ^^^^^^^^^^^^^^^
note: candidate #2 is defined in an impl for the type `StrOptAndManualStr`
  --> tests/ui/invalid_pyclass_args.rs:84:1
   |
84 | #[pymethods]
   | ^^^^^^^^^^^^
   = note: this error originates in the attribute macro `pyclass` which comes from the expansion of the attribute macro `pymethods` (in Nightly builds, run with -Z macro-backtrace for more info)

error[E0034]: multiple applicable items in scope
  --> tests/ui/invalid_pyclass_args.rs:84:1
   |
84 | #[pymethods]
   | ^^^^^^^^^^^^ multiple `__pymethod___str____` found
   |
note: candidate #1 is defined in an impl for the type `StrOptAndManualStr`
  --> tests/ui/invalid_pyclass_args.rs:75:1
   |
75 | #[pyclass(str)]
   | ^^^^^^^^^^^^^^^
note: candidate #2 is defined in an impl for the type `StrOptAndManualStr`
  --> tests/ui/invalid_pyclass_args.rs:84:1
   |
84 | #[pymethods]
   | ^^^^^^^^^^^^
   = note: this error originates in the attribute macro `pymethods` (in Nightly builds, run with -Z macro-backtrace for more info)

error[E0034]: multiple applicable items in scope
   --> tests/ui/invalid_pyclass_args.rs:93:1
    |
93  | #[pyclass(str = "{")]
    | ^^^^^^^^^^^^^^^^^^^^^ multiple `__pymethod___str____` found
    |
note: candidate #1 is defined in an impl for the type `Coord`
   --> tests/ui/invalid_pyclass_args.rs:93:1
    |
93  | #[pyclass(str = "{")]
    | ^^^^^^^^^^^^^^^^^^^^^
note: candidate #2 is defined in an impl for the type `Coord`
   --> tests/ui/invalid_pyclass_args.rs:117:1
    |
117 | #[pyclass(str = "{0}, {162543}, {2}")]
    | ^^^^^^^^^^^^^^^^^^^^^^^^^^^^^^^^^^^^^^
    = note: this error originates in the attribute macro `pyclass` (in Nightly builds, run with -Z macro-backtrace for more info)

error[E0034]: multiple applicable items in scope
   --> tests/ui/invalid_pyclass_args.rs:93:1
    |
93  | #[pyclass(str = "{")]
    | ^^^^^^^^^^^^^^^^^^^^^ multiple `__pyo3__generated____str__` found
    |
note: candidate #1 is defined in an impl for the type `Coord`
   --> tests/ui/invalid_pyclass_args.rs:93:1
    |
93  | #[pyclass(str = "{")]
    | ^^^^^^^^^^^^^^^^^^^^^
note: candidate #2 is defined in an impl for the type `Coord`
   --> tests/ui/invalid_pyclass_args.rs:117:1
    |
117 | #[pyclass(str = "{0}, {162543}, {2}")]
    | ^^^^^^^^^^^^^^^^^^^^^^^^^^^^^^^^^^^^^^
    = note: this error originates in the attribute macro `pyclass` (in Nightly builds, run with -Z macro-backtrace for more info)

error[E0609]: no field `aaaa` on type `&Point`
   --> tests/ui/invalid_pyclass_args.rs:101:17
    |
101 | #[pyclass(str = "X: {aaaa}, Y: {y}, Z: {z}")]
    |                 ^^^^^^^^^^^^^^^^^^^^^^^^^^^ unknown field
    |
    = note: available fields are: `x`, `y`, `z`

error[E0609]: no field `zzz` on type `&Point2`
   --> tests/ui/invalid_pyclass_args.rs:109:17
    |
109 | #[pyclass(str = "X: {x}, Y: {y}}}, Z: {zzz}")]
    |                 ^^^^^^^^^^^^^^^^^^^^^^^^^^^^ unknown field
    |
    = note: available fields are: `x`, `y`, `z`

error[E0034]: multiple applicable items in scope
   --> tests/ui/invalid_pyclass_args.rs:117:1
    |
117 | #[pyclass(str = "{0}, {162543}, {2}")]
    | ^^^^^^^^^^^^^^^^^^^^^^^^^^^^^^^^^^^^^^ multiple `__pymethod___str____` found
    |
note: candidate #1 is defined in an impl for the type `Coord`
   --> tests/ui/invalid_pyclass_args.rs:93:1
    |
93  | #[pyclass(str = "{")]
    | ^^^^^^^^^^^^^^^^^^^^^
note: candidate #2 is defined in an impl for the type `Coord`
   --> tests/ui/invalid_pyclass_args.rs:117:1
    |
117 | #[pyclass(str = "{0}, {162543}, {2}")]
    | ^^^^^^^^^^^^^^^^^^^^^^^^^^^^^^^^^^^^^^
    = note: this error originates in the attribute macro `pyclass` (in Nightly builds, run with -Z macro-backtrace for more info)

error[E0034]: multiple applicable items in scope
   --> tests/ui/invalid_pyclass_args.rs:117:1
    |
117 | #[pyclass(str = "{0}, {162543}, {2}")]
    | ^^^^^^^^^^^^^^^^^^^^^^^^^^^^^^^^^^^^^^ multiple `__pyo3__generated____str__` found
    |
note: candidate #1 is defined in an impl for the type `Coord`
   --> tests/ui/invalid_pyclass_args.rs:93:1
    |
93  | #[pyclass(str = "{")]
    | ^^^^^^^^^^^^^^^^^^^^^
note: candidate #2 is defined in an impl for the type `Coord`
   --> tests/ui/invalid_pyclass_args.rs:117:1
    |
117 | #[pyclass(str = "{0}, {162543}, {2}")]
    | ^^^^^^^^^^^^^^^^^^^^^^^^^^^^^^^^^^^^^^
    = note: this error originates in the attribute macro `pyclass` (in Nightly builds, run with -Z macro-backtrace for more info)

error[E0609]: no field `162543` on type `&Coord`
   --> tests/ui/invalid_pyclass_args.rs:117:17
    |
117 | #[pyclass(str = "{0}, {162543}, {2}")]
    |                 ^^^^^^^^^^^^^^^^^^^^ unknown field
    |
    = note: available fields are: `0`, `1`, `2`
